[2019-10-23 00:33:30.215] [exthost] [info] extension host started
[2019-10-23 00:33:30.239] [exthost] [info] ExtensionService#_doActivateExtension vscode.debug-auto-launch {"startup":true,"extensionId":{"value":"vscode.debug-auto-launch","_lower":"vscode.debug-auto-launch"},"activationEvent":"*"}
[2019-10-23 00:33:30.240] [exthost] [info] ExtensionService#loadCommonJSModule file:///snap/code/18/usr/share/code/resources/app/extensions/debug-auto-launch/dist/extension
[2019-10-23 00:33:30.245] [exthost] [info] ExtensionService#_doActivateExtension vscode.emmet {"startup":true,"extensionId":{"value":"vscode.emmet","_lower":"vscode.emmet"},"activationEvent":"*"}
[2019-10-23 00:33:30.245] [exthost] [info] ExtensionService#loadCommonJSModule file:///snap/code/18/usr/share/code/resources/app/extensions/emmet/dist/extension
[2019-10-23 00:33:30.282] [exthost] [info] ExtensionService#_doActivateExtension vscode.git {"startup":true,"extensionId":{"value":"vscode.git","_lower":"vscode.git"},"activationEvent":"*"}
[2019-10-23 00:33:30.282] [exthost] [info] ExtensionService#loadCommonJSModule file:///snap/code/18/usr/share/code/resources/app/extensions/git/dist/main
[2019-10-23 00:33:30.358] [exthost] [info] ExtensionService#_doActivateExtension vscode.merge-conflict {"startup":true,"extensionId":{"value":"vscode.merge-conflict","_lower":"vscode.merge-conflict"},"activationEvent":"*"}
[2019-10-23 00:33:30.358] [exthost] [info] ExtensionService#loadCommonJSModule file:///snap/code/18/usr/share/code/resources/app/extensions/merge-conflict/dist/extension
[2019-10-23 00:33:30.363] [exthost] [info] eager extensions activated
[2019-10-23 00:35:25.676] [exthost] [info] extension host started
[2019-10-23 00:35:25.686] [exthost] [info] ExtensionService#_doActivateExtension vscode.debug-auto-launch {"startup":true,"extensionId":{"value":"vscode.debug-auto-launch","_lower":"vscode.debug-auto-launch"},"activationEvent":"*"}
[2019-10-23 00:35:25.687] [exthost] [info] ExtensionService#loadCommonJSModule file:///snap/code/18/usr/share/code/resources/app/extensions/debug-auto-launch/dist/extension
[2019-10-23 00:35:25.692] [exthost] [info] ExtensionService#_doActivateExtension vscode.emmet {"startup":true,"extensionId":{"value":"vscode.emmet","_lower":"vscode.emmet"},"activationEvent":"*"}
[2019-10-23 00:35:25.692] [exthost] [info] ExtensionService#loadCommonJSModule file:///snap/code/18/usr/share/code/resources/app/extensions/emmet/dist/extension
[2019-10-23 00:35:25.727] [exthost] [info] ExtensionService#_doActivateExtension vscode.git {"startup":true,"extensionId":{"value":"vscode.git","_lower":"vscode.git"},"activationEvent":"*"}
[2019-10-23 00:35:25.727] [exthost] [info] ExtensionService#loadCommonJSModule file:///snap/code/18/usr/share/code/resources/app/extensions/git/dist/main
[2019-10-23 00:35:25.799] [exthost] [info] ExtensionService#_doActivateExtension vscode.merge-conflict {"startup":true,"extensionId":{"value":"vscode.merge-conflict","_lower":"vscode.merge-conflict"},"activationEvent":"*"}
[2019-10-23 00:35:25.800] [exthost] [info] ExtensionService#loadCommonJSModule file:///snap/code/18/usr/share/code/resources/app/extensions/merge-conflict/dist/extension
[2019-10-23 00:35:25.806] [exthost] [info] eager extensions activated
[2019-10-23 00:35:34.348] [exthost] [info] ExtensionService#_doActivateExtension vscode.typescript-language-features {"startup":false,"extensionId":{"value":"vscode.typescript-language-features","_lower":"vscode.typescript-language-features"},"activationEvent":"onLanguage:javascript"}
[2019-10-23 00:35:34.349] [exthost] [info] ExtensionService#loadCommonJSModule file:///snap/code/18/usr/share/code/resources/app/extensions/typescript-language-features/dist/extension
[2019-10-23 00:38:53.695] [exthost] [info] ExtensionService#_doActivateExtension vscode.extension-editing {"startup":false,"extensionId":{"value":"vscode.extension-editing","_lower":"vscode.extension-editing"},"activationEvent":"onLanguage:typescript"}
[2019-10-23 00:38:53.696] [exthost] [info] ExtensionService#loadCommonJSModule file:///snap/code/18/usr/share/code/resources/app/extensions/extension-editing/dist/extension
[2019-10-23 03:30:10.226] [exthost] [info] ExtensionService#_doActivateExtension vscode.configuration-editing {"startup":false,"extensionId":{"value":"vscode.configuration-editing","_lower":"vscode.configuration-editing"},"activationEvent":"onLanguage:json"}
[2019-10-23 03:30:10.226] [exthost] [info] ExtensionService#loadCommonJSModule file:///snap/code/18/usr/share/code/resources/app/extensions/configuration-editing/dist/extension
[2019-10-23 03:30:10.241] [exthost] [info] ExtensionService#_doActivateExtension vscode.json-language-features {"startup":false,"extensionId":{"value":"vscode.json-language-features","_lower":"vscode.json-language-features"},"activationEvent":"onLanguage:json"}
[2019-10-23 03:30:10.242] [exthost] [info] ExtensionService#loadCommonJSModule file:///snap/code/18/usr/share/code/resources/app/extensions/json-language-features/client/dist/jsonMain
[2019-10-23 03:30:10.322] [exthost] [info] ExtensionService#_doActivateExtension vscode.npm {"startup":false,"extensionId":{"value":"vscode.npm","_lower":"vscode.npm"},"activationEvent":"onLanguage:json"}
[2019-10-23 03:30:10.322] [exthost] [info] ExtensionService#loadCommonJSModule file:///snap/code/18/usr/share/code/resources/app/extensions/npm/dist/main
